-------------------------------------------------------------------------------
Test set: runner.TestRunner
-------------------------------------------------------------------------------
Tests run: 1, Failures: 0, Errors: 1, Skipped: 0, Time elapsed: 3.103 s <<< FAILURE! - in runner.TestRunner
User verify all items are present in Desktops tab(Desktops #1)  Time elapsed: 0.335 s  <<< ERROR!
java.lang.NullPointerException: Cannot invoke "org.openqa.selenium.WebDriver.getTitle()" because "step.definitions.DesktopsStepDef.driver" is null

